<?xml version="1.0" encoding="UTF-8"?>
<testng-results ignored="0" total="1" passed="1" failed="0" skipped="0">
  <reporter-output>
  </reporter-output>
  <suite started-at="2023-04-08T20:24:16 IST" name="Suite" finished-at="2023-04-08T20:24:26 IST" duration-ms="9464">
    <groups>
    </groups>
    <test started-at="2023-04-08T20:24:16 IST" name="Test" finished-at="2023-04-08T20:24:26 IST" duration-ms="9464">
      <class name="com.hrm.TestCases.Logindemo_pagefactory">
        <test-method is-config="true" signature="statusReport()[pri:0, instance:com.hrm.TestCases.Logindemo_pagefactory@73e9cf30]" started-at="2023-04-08T20:24:16 IST" name="statusReport" finished-at="2023-04-08T20:24:16 IST" duration-ms="253" status="PASS">
          <reporter-output>
          </reporter-output>
        </test-method> <!-- statusReport -->
        <test-method is-config="true" signature="startSession()[pri:0, instance:com.hrm.TestCases.Logindemo_pagefactory@73e9cf30]" started-at="2023-04-08T20:24:16 IST" name="startSession" finished-at="2023-04-08T20:24:22 IST" duration-ms="6007" status="PASS">
          <reporter-output>
          </reporter-output>
        </test-method> <!-- startSession -->
        <test-method signature="logintest()[pri:0, instance:com.hrm.TestCases.Logindemo_pagefactory@73e9cf30]" started-at="2023-04-08T20:24:22 IST" name="logintest" finished-at="2023-04-08T20:24:25 IST" duration-ms="2384" status="PASS">
          <reporter-output>
          </reporter-output>
        </test-method> <!-- logintest -->
        <test-method is-config="true" signature="ResultReport(org.testng.ITestResult)[pri:0, instance:com.hrm.TestCases.Logindemo_pagefactory@73e9cf30]" started-at="2023-04-08T20:24:25 IST" name="ResultReport" finished-at="2023-04-08T20:24:25 IST" duration-ms="865" status="PASS">
          <params>
            <param index="0">
              <value>
                <![CDATA[[TestResult name=logintest status=SUCCESS method=Logindemo_pagefactory.logintest()[pri:0, instance:com.hrm.TestCases.Logindemo_pagefactory@73e9cf30] output={null}]]]>
              </value>
            </param>
          </params>
          <reporter-output>
          </reporter-output>
        </test-method> <!-- ResultReport -->
        <test-method is-config="true" signature="endSession()[pri:0, instance:com.hrm.TestCases.Logindemo_pagefactory@73e9cf30]" started-at="2023-04-08T20:24:25 IST" name="endSession" finished-at="2023-04-08T20:24:26 IST" duration-ms="164" status="PASS">
          <reporter-output>
          </reporter-output>
        </test-method> <!-- endSession -->
      </class> <!-- com.hrm.TestCases.Logindemo_pagefactory -->
    </test> <!-- Test -->
  </suite> <!-- Suite -->
</testng-results>
