<?xml version="1.0" encoding="UTF-8"?>
<testng-results ignored="0" total="1" passed="1" failed="0" skipped="0">
  <reporter-output>
  </reporter-output>
  <suite started-at="2023-04-07T20:52:23 IST" name="Default suite" finished-at="2023-04-07T20:52:23 IST" duration-ms="42">
    <groups>
    </groups>
    <test started-at="2023-04-07T20:52:23 IST" name="Default test" finished-at="2023-04-07T20:52:23 IST" duration-ms="42">
      <class name="com.hrm.unittests.testdataprovider">
        <test-method signature="read()[pri:0, instance:com.hrm.unittests.testdataprovider@47e2e487]" started-at="2023-04-07T20:52:23 IST" name="read" finished-at="2023-04-07T20:52:23 IST" duration-ms="7" status="PASS">
          <reporter-output>
          </reporter-output>
        </test-method> <!-- read -->
      </class> <!-- com.hrm.unittests.testdataprovider -->
    </test> <!-- Default test -->
  </suite> <!-- Default suite -->
</testng-results>
